# JRE version: Java(TM) SE Runtime Environment (8.0_171-b11) (build 1.8.0_171-b11)
# Java VM: Java HotSpot(TM) 64-Bit Server VM (25.171-b11 mixed mode windows-amd64 compressed oops)
Heap:
 PSYoungGen      total 76288K, used 73523K [0x000000076ad80000, 0x0000000770280000, 0x00000007c0000000)
  eden space 65536K, 95% used [0x000000076ad80000,0x000000076ead3130,0x000000076ed80000)
  from space 10752K, 99% used [0x000000076f800000,0x0000000770279ce0,0x0000000770280000)
  to   space 10752K, 0% used [0x000000076ed80000,0x000000076ed80000,0x000000076f800000)
 ParOldGen       total 175104K, used 98928K [0x00000006c0800000, 0x00000006cb300000, 0x000000076ad80000)
  object space 175104K, 56% used [0x00000006c0800000,0x00000006c689c340,0x00000006cb300000)
 Metaspace       used 18487K, capacity 19722K, committed 20096K, reserved 1067008K
  class space    used 2560K, capacity 2823K, committed 2944K, reserved 1048576K
GC Heap History (8 events):
Event: 0.674 GC heap before
{Heap before GC invocations=1 (full 0):
 PSYoungGen      total 76288K, used 65508K [0x000000076ad80000, 0x0000000770280000, 0x00000007c0000000)
  eden space 65536K, 99% used [0x000000076ad80000,0x000000076ed79140,0x000000076ed80000)
  from space 10752K, 0% used [0x000000076f800000,0x000000076f800000,0x0000000770280000)
  to   space 10752K, 0% used [0x000000076ed80000,0x000000076ed80000,0x000000076f800000)
 ParOldGen       total 175104K, used 0K [0x00000006c0800000, 0x00000006cb300000, 0x000000076ad80000)
  object space 175104K, 0% used [0x00000006c0800000,0x00000006c0800000,0x00000006cb300000)
 Metaspace       used 8324K, capacity 8874K, committed 8960K, reserved 1056768K
  class space    used 1111K, capacity 1235K, committed 1280K, reserved 1048576K
Event: 0.679 GC heap after
Heap after GC invocations=1 (full 0):
 PSYoungGen      total 76288K, used 10723K [0x000000076ad80000, 0x0000000770280000, 0x00000007c0000000)
  eden space 65536K, 0% used [0x000000076ad80000,0x000000076ad80000,0x000000076ed80000)
  from space 10752K, 99% used [0x000000076ed80000,0x000000076f7f8f70,0x000000076f800000)
  to   space 10752K, 0% used [0x000000076f800000,0x000000076f800000,0x0000000770280000)
 ParOldGen       total 175104K, used 30031K [0x00000006c0800000, 0x00000006cb300000, 0x000000076ad80000)
  object space 175104K, 17% used [0x00000006c0800000,0x00000006c2553f70,0x00000006cb300000)
 Metaspace       used 8324K, capacity 8874K, committed 8960K, reserved 1056768K
  class space    used 1111K, capacity 1235K, committed 1280K, reserved 1048576K
}
Event: 4.347 GC heap before
{Heap before GC invocations=2 (full 0):
 PSYoungGen      total 76288K, used 76259K [0x000000076ad80000, 0x0000000770280000, 0x00000007c0000000)
  eden space 65536K, 100% used [0x000000076ad80000,0x000000076ed80000,0x000000076ed80000)
  from space 10752K, 99% used [0x000000076ed80000,0x000000076f7f8f70,0x000000076f800000)
  to   space 10752K, 0% used [0x000000076f800000,0x000000076f800000,0x0000000770280000)
 ParOldGen       total 175104K, used 30031K [0x00000006c0800000, 0x00000006cb300000, 0x000000076ad80000)
  object space 175104K, 17% used [0x00000006c0800000,0x00000006c2553f70,0x00000006cb300000)
 Metaspace       used 15196K, capacity 15854K, committed 16128K, reserved 1062912K
  class space    used 2100K, capacity 2265K, committed 2304K, reserved 1048576K
Event: 4.357 GC heap after
Heap after GC invocations=2 (full 0):
 PSYoungGen      total 76288K, used 10730K [0x000000076ad80000, 0x0000000770280000, 0x00000007c0000000)
  eden space 65536K, 0% used [0x000000076ad80000,0x000000076ad80000,0x000000076ed80000)
  from space 10752K, 99% used [0x000000076f800000,0x000000077027a8a0,0x0000000770280000)
  to   space 10752K, 0% used [0x000000076ed80000,0x000000076ed80000,0x000000076f800000)
 ParOldGen       total 175104K, used 64136K [0x00000006c0800000, 0x00000006cb300000, 0x000000076ad80000)
  object space 175104K, 36% used [0x00000006c0800000,0x00000006c46a2020,0x00000006cb300000)
 Metaspace       used 15196K, capacity 15854K, committed 16128K, reserved 1062912K
  class space    used 2100K, capacity 2265K, committed 2304K, reserved 1048576K
}
Event: 9.371 GC heap before
{Heap before GC invocations=3 (full 0):
 PSYoungGen      total 76288K, used 76266K [0x000000076ad80000, 0x0000000770280000, 0x00000007c0000000)
  eden space 65536K, 100% used [0x000000076ad80000,0x000000076ed80000,0x000000076ed80000)
  from space 10752K, 99% used [0x000000076f800000,0x000000077027a8a0,0x0000000770280000)
  to   space 10752K, 0% used [0x000000076ed80000,0x000000076ed80000,0x000000076f800000)
 ParOldGen       total 175104K, used 64136K [0x00000006c0800000, 0x00000006cb300000, 0x000000076ad80000)
  object space 175104K, 36% used [0x00000006c0800000,0x00000006c46a2020,0x00000006cb300000)
 Metaspace       used 17872K, capacity 19026K, committed 19200K, reserved 1064960K
  class space    used 2536K, capacity 2763K, committed 2816K, reserved 1048576K
Event: 9.382 GC heap after
Heap after GC invocations=3 (full 0):
 PSYoungGen      total 76288K, used 10721K [0x000000076ad80000, 0x0000000770280000, 0x00000007c0000000)
  eden space 65536K, 0% used [0x000000076ad80000,0x000000076ad80000,0x000000076ed80000)
  from space 10752K, 99% used [0x000000076ed80000,0x000000076f7f8420,0x000000076f800000)
  to   space 10752K, 0% used [0x000000076f800000,0x000000076f800000,0x0000000770280000)
 ParOldGen       total 175104K, used 95273K [0x00000006c0800000, 0x00000006cb300000, 0x000000076ad80000)
  object space 175104K, 54% used [0x00000006c0800000,0x00000006c650a4e0,0x00000006cb300000)
 Metaspace       used 17872K, capacity 19026K, committed 19200K, reserved 1064960K
  class space    used 2536K, capacity 2763K, committed 2816K, reserved 1048576K
}
Event: 53.805 GC heap before
{Heap before GC invocations=4 (full 0):
 PSYoungGen      total 76288K, used 76257K [0x000000076ad80000, 0x0000000770280000, 0x00000007c0000000)
  eden space 65536K, 100% used [0x000000076ad80000,0x000000076ed80000,0x000000076ed80000)
  from space 10752K, 99% used [0x000000076ed80000,0x000000076f7f8420,0x000000076f800000)
  to   space 10752K, 0% used [0x000000076f800000,0x000000076f800000,0x0000000770280000)
 ParOldGen       total 175104K, used 95273K [0x00000006c0800000, 0x00000006cb300000, 0x000000076ad80000)
  object space 175104K, 54% used [0x00000006c0800000,0x00000006c650a4e0,0x00000006cb300000)
 Metaspace       used 18457K, capacity 19658K, committed 19840K, reserved 1067008K
  class space    used 2559K, capacity 2823K, committed 2944K, reserved 1048576K
Event: 53.811 GC heap after
Heap after GC invocations=4 (full 0):
 PSYoungGen      total 76288K, used 10727K [0x000000076ad80000, 0x0000000770280000, 0x00000007c0000000)
  eden space 65536K, 0% used [0x000000076ad80000,0x000000076ad80000,0x000000076ed80000)
  from space 10752K, 99% used [0x000000076f800000,0x0000000770279ce0,0x0000000770280000)
  to   space 10752K, 0% used [0x000000076ed80000,0x000000076ed80000,0x000000076f800000)
 ParOldGen       total 175104K, used 98928K [0x00000006c0800000, 0x00000006cb300000, 0x000000076ad80000)
  object space 175104K, 56% used [0x00000006c0800000,0x00000006c689c340,0x00000006cb300000)
 Metaspace       used 18457K, capacity 19658K, committed 19840K, reserved 1067008K
  class space    used 2559K, capacity 2823K, committed 2944K, reserved 1048576K
}

